{"total": {"lines":{"total":190,"covered":32,"skipped":0,"pct":16.84},"statements":{"total":194,"covered":32,"skipped":0,"pct":16.49},"functions":{"total":34,"covered":5,"skipped":0,"pct":14.7},"branches":{"total":143,"covered":32,"skipped":0,"pct":22.37},"branchesTrue":{"total":0,"covered":0,"skipped":0,"pct":100}}
,"/Users/aleffoliveira/Documents/Portfolio/essay-project-api/src/data-source.ts": {"lines":{"total":1,"covered":1,"skipped":0,"pct":100},"functions":{"total":0,"covered":0,"skipped":0,"pct":100},"statements":{"total":1,"covered":1,"skipped":0,"pct":100},"branches":{"total":0,"covered":0,"skipped":0,"pct":100}}
,"/Users/aleffoliveira/Documents/Portfolio/essay-project-api/src/constants/index.ts": {"lines":{"total":2,"covered":2,"skipped":0,"pct":100},"functions":{"total":0,"covered":0,"skipped":0,"pct":100},"statements":{"total":2,"covered":2,"skipped":0,"pct":100},"branches":{"total":48,"covered":28,"skipped":0,"pct":58.33}}
,"/Users/aleffoliveira/Documents/Portfolio/essay-project-api/src/controllers/user/UserController.ts": {"lines":{"total":44,"covered":6,"skipped":0,"pct":13.63},"functions":{"total":6,"covered":1,"skipped":0,"pct":16.66},"statements":{"total":44,"covered":6,"skipped":0,"pct":13.63},"branches":{"total":2,"covered":0,"skipped":0,"pct":0}}
,"/Users/aleffoliveira/Documents/Portfolio/essay-project-api/src/entities/user/User.ts": {"lines":{"total":9,"covered":0,"skipped":0,"pct":0},"functions":{"total":2,"covered":0,"skipped":0,"pct":0},"statements":{"total":9,"covered":0,"skipped":0,"pct":0},"branches":{"total":2,"covered":0,"skipped":0,"pct":0}}
,"/Users/aleffoliveira/Documents/Portfolio/essay-project-api/src/entities/user/UserPermission.ts": {"lines":{"total":3,"covered":0,"skipped":0,"pct":0},"functions":{"total":1,"covered":0,"skipped":0,"pct":0},"statements":{"total":3,"covered":0,"skipped":0,"pct":0},"branches":{"total":2,"covered":0,"skipped":0,"pct":0}}
,"/Users/aleffoliveira/Documents/Portfolio/essay-project-api/src/errors/index.ts": {"lines":{"total":9,"covered":5,"skipped":0,"pct":55.55},"functions":{"total":6,"covered":2,"skipped":0,"pct":33.33},"statements":{"total":9,"covered":5,"skipped":0,"pct":55.55},"branches":{"total":0,"covered":0,"skipped":0,"pct":100}}
,"/Users/aleffoliveira/Documents/Portfolio/essay-project-api/src/service/users/AuthenticateUserService.ts": {"lines":{"total":11,"covered":11,"skipped":0,"pct":100},"functions":{"total":2,"covered":2,"skipped":0,"pct":100},"statements":{"total":11,"covered":11,"skipped":0,"pct":100},"branches":{"total":4,"covered":4,"skipped":0,"pct":100}}
,"/Users/aleffoliveira/Documents/Portfolio/essay-project-api/src/service/users/CreateUserService.ts": {"lines":{"total":19,"covered":0,"skipped":0,"pct":0},"functions":{"total":2,"covered":0,"skipped":0,"pct":0},"statements":{"total":19,"covered":0,"skipped":0,"pct":0},"branches":{"total":4,"covered":0,"skipped":0,"pct":0}}
,"/Users/aleffoliveira/Documents/Portfolio/essay-project-api/src/service/users/DeleteUserService.ts": {"lines":{"total":10,"covered":0,"skipped":0,"pct":0},"functions":{"total":1,"covered":0,"skipped":0,"pct":0},"statements":{"total":10,"covered":0,"skipped":0,"pct":0},"branches":{"total":4,"covered":0,"skipped":0,"pct":0}}
,"/Users/aleffoliveira/Documents/Portfolio/essay-project-api/src/service/users/GetUserService.ts": {"lines":{"total":11,"covered":0,"skipped":0,"pct":0},"functions":{"total":1,"covered":0,"skipped":0,"pct":0},"statements":{"total":11,"covered":0,"skipped":0,"pct":0},"branches":{"total":4,"covered":0,"skipped":0,"pct":0}}
,"/Users/aleffoliveira/Documents/Portfolio/essay-project-api/src/service/users/ListUsersService.ts": {"lines":{"total":11,"covered":0,"skipped":0,"pct":0},"functions":{"total":1,"covered":0,"skipped":0,"pct":0},"statements":{"total":11,"covered":0,"skipped":0,"pct":0},"branches":{"total":6,"covered":0,"skipped":0,"pct":0}}
,"/Users/aleffoliveira/Documents/Portfolio/essay-project-api/src/service/users/PermissionsUserService.ts": {"lines":{"total":29,"covered":7,"skipped":0,"pct":24.13},"functions":{"total":8,"covered":0,"skipped":0,"pct":0},"statements":{"total":29,"covered":7,"skipped":0,"pct":24.13},"branches":{"total":41,"covered":0,"skipped":0,"pct":0}}
,"/Users/aleffoliveira/Documents/Portfolio/essay-project-api/src/service/users/UpdateUserService.ts": {"lines":{"total":29,"covered":0,"skipped":0,"pct":0},"functions":{"total":2,"covered":0,"skipped":0,"pct":0},"statements":{"total":33,"covered":0,"skipped":0,"pct":0},"branches":{"total":26,"covered":0,"skipped":0,"pct":0}}
,"/Users/aleffoliveira/Documents/Portfolio/essay-project-api/src/service/users/observers/EmailNotifier.ts": {"lines":{"total":2,"covered":0,"skipped":0,"pct":0},"functions":{"total":2,"covered":0,"skipped":0,"pct":0},"statements":{"total":2,"covered":0,"skipped":0,"pct":0},"branches":{"total":0,"covered":0,"skipped":0,"pct":100}}
}
