{"/Users/aleffoliveira/Documents/Portfolio/essay-project-api/src/data-source.ts": {"path":"/Users/aleffoliveira/Documents/Portfolio/essay-project-api/src/data-source.ts","statementMap":{"0":{"start":{"line":5,"column":29},"end":{"line":16,"column":2}}},"fnMap":{},"branchMap":{},"s":{"0":2},"f":{},"b":{},"_coverageSchema":"1a1c01bbd47fc00a2c39e90264f33305004495a9","hash":"00d22ebc2a3540ccdaafef3155b5634ab2628e61"}
,"/Users/aleffoliveira/Documents/Portfolio/essay-project-api/src/constants/index.ts": {"path":"/Users/aleffoliveira/Documents/Portfolio/essay-project-api/src/constants/index.ts","statementMap":{"0":{"start":{"line":3,"column":20},"end":{"line":30,"column":1}},"1":{"start":{"line":32,"column":33},"end":{"line":39,"column":1}}},"fnMap":{},"branchMap":{"0":{"loc":{"start":{"line":4,"column":8},"end":{"line":4,"column":55}},"type":"binary-expr","locations":[{"start":{"line":4,"column":8},"end":{"line":4,"column":42}},{"start":{"line":4,"column":46},"end":{"line":4,"column":55}}],"line":4},"1":{"loc":{"start":{"line":6,"column":10},"end":{"line":6,"column":53}},"type":"binary-expr","locations":[{"start":{"line":6,"column":11},"end":{"line":6,"column":46}},{"start":{"line":6,"column":51},"end":{"line":6,"column":53}}],"line":6},"2":{"loc":{"start":{"line":7,"column":14},"end":{"line":7,"column":61}},"type":"binary-expr","locations":[{"start":{"line":7,"column":15},"end":{"line":7,"column":54}},{"start":{"line":7,"column":59},"end":{"line":7,"column":61}}],"line":7},"3":{"loc":{"start":{"line":8,"column":14},"end":{"line":8,"column":61}},"type":"binary-expr","locations":[{"start":{"line":8,"column":15},"end":{"line":8,"column":54}},{"start":{"line":8,"column":59},"end":{"line":8,"column":61}}],"line":8},"4":{"loc":{"start":{"line":9,"column":10},"end":{"line":9,"column":53}},"type":"binary-expr","locations":[{"start":{"line":9,"column":11},"end":{"line":9,"column":46}},{"start":{"line":9,"column":51},"end":{"line":9,"column":53}}],"line":9},"5":{"loc":{"start":{"line":10,"column":8},"end":{"line":10,"column":49}},"type":"binary-expr","locations":[{"start":{"line":10,"column":9},"end":{"line":10,"column":42}},{"start":{"line":10,"column":47},"end":{"line":10,"column":49}}],"line":10},"6":{"loc":{"start":{"line":13,"column":8},"end":{"line":13,"column":51}},"type":"binary-expr","locations":[{"start":{"line":13,"column":9},"end":{"line":13,"column":44}},{"start":{"line":13,"column":49},"end":{"line":13,"column":51}}],"line":13},"7":{"loc":{"start":{"line":14,"column":14},"end":{"line":14,"column":63}},"type":"binary-expr","locations":[{"start":{"line":14,"column":15},"end":{"line":14,"column":56}},{"start":{"line":14,"column":61},"end":{"line":14,"column":63}}],"line":14},"8":{"loc":{"start":{"line":15,"column":14},"end":{"line":15,"column":63}},"type":"binary-expr","locations":[{"start":{"line":15,"column":15},"end":{"line":15,"column":56}},{"start":{"line":15,"column":61},"end":{"line":15,"column":63}}],"line":15},"9":{"loc":{"start":{"line":16,"column":10},"end":{"line":16,"column":55}},"type":"binary-expr","locations":[{"start":{"line":16,"column":11},"end":{"line":16,"column":48}},{"start":{"line":16,"column":53},"end":{"line":16,"column":55}}],"line":16},"10":{"loc":{"start":{"line":17,"column":10},"end":{"line":17,"column":68}},"type":"binary-expr","locations":[{"start":{"line":17,"column":10},"end":{"line":17,"column":55}},{"start":{"line":17,"column":59},"end":{"line":17,"column":68}}],"line":17},"11":{"loc":{"start":{"line":20,"column":15},"end":{"line":20,"column":65}},"type":"binary-expr","locations":[{"start":{"line":20,"column":16},"end":{"line":20,"column":53}},{"start":{"line":20,"column":58},"end":{"line":20,"column":65}}],"line":20},"12":{"loc":{"start":{"line":21,"column":14},"end":{"line":21,"column":65}},"type":"binary-expr","locations":[{"start":{"line":21,"column":15},"end":{"line":21,"column":51}},{"start":{"line":21,"column":56},"end":{"line":21,"column":65}}],"line":21},"13":{"loc":{"start":{"line":22,"column":11},"end":{"line":22,"column":72}},"type":"binary-expr","locations":[{"start":{"line":22,"column":12},"end":{"line":22,"column":48}},{"start":{"line":22,"column":53},"end":{"line":22,"column":72}}],"line":22},"14":{"loc":{"start":{"line":23,"column":14},"end":{"line":23,"column":63}},"type":"binary-expr","locations":[{"start":{"line":23,"column":15},"end":{"line":23,"column":51}},{"start":{"line":23,"column":56},"end":{"line":23,"column":63}}],"line":23},"15":{"loc":{"start":{"line":24,"column":16},"end":{"line":24,"column":56}},"type":"binary-expr","locations":[{"start":{"line":24,"column":17},"end":{"line":24,"column":44}},{"start":{"line":24,"column":49},"end":{"line":24,"column":56}}],"line":24},"16":{"loc":{"start":{"line":27,"column":10},"end":{"line":27,"column":58}},"type":"binary-expr","locations":[{"start":{"line":27,"column":11},"end":{"line":27,"column":51}},{"start":{"line":27,"column":56},"end":{"line":27,"column":58}}],"line":27},"17":{"loc":{"start":{"line":28,"column":22},"end":{"line":28,"column":74}},"type":"binary-expr","locations":[{"start":{"line":28,"column":23},"end":{"line":28,"column":65}},{"start":{"line":28,"column":70},"end":{"line":28,"column":74}}],"line":28},"18":{"loc":{"start":{"line":33,"column":9},"end":{"line":33,"column":51}},"type":"binary-expr","locations":[{"start":{"line":33,"column":10},"end":{"line":33,"column":37}},{"start":{"line":33,"column":42},"end":{"line":33,"column":51}}],"line":33},"19":{"loc":{"start":{"line":34,"column":8},"end":{"line":34,"column":49}},"type":"binary-expr","locations":[{"start":{"line":34,"column":9},"end":{"line":34,"column":35}},{"start":{"line":34,"column":40},"end":{"line":34,"column":49}}],"line":34},"20":{"loc":{"start":{"line":35,"column":12},"end":{"line":35,"column":57}},"type":"binary-expr","locations":[{"start":{"line":35,"column":13},"end":{"line":35,"column":43}},{"start":{"line":35,"column":48},"end":{"line":35,"column":57}}],"line":35},"21":{"loc":{"start":{"line":36,"column":13},"end":{"line":36,"column":59}},"type":"binary-expr","locations":[{"start":{"line":36,"column":14},"end":{"line":36,"column":45}},{"start":{"line":36,"column":50},"end":{"line":36,"column":59}}],"line":36},"22":{"loc":{"start":{"line":37,"column":11},"end":{"line":37,"column":55}},"type":"binary-expr","locations":[{"start":{"line":37,"column":12},"end":{"line":37,"column":41}},{"start":{"line":37,"column":46},"end":{"line":37,"column":55}}],"line":37},"23":{"loc":{"start":{"line":38,"column":13},"end":{"line":38,"column":59}},"type":"binary-expr","locations":[{"start":{"line":38,"column":14},"end":{"line":38,"column":45}},{"start":{"line":38,"column":50},"end":{"line":38,"column":59}}],"line":38}},"s":{"0":3,"1":3},"f":{},"b":{"0":[3,0],"1":[3,0],"2":[3,0],"3":[3,0],"4":[3,0],"5":[3,0],"6":[3,0],"7":[3,0],"8":[3,0],"9":[3,0],"10":[3,0],"11":[3,3],"12":[3,3],"13":[3,3],"14":[3,3],"15":[3,0],"16":[3,0],"17":[3,0],"18":[3,0],"19":[3,0],"20":[3,0],"21":[3,0],"22":[3,0],"23":[3,0]},"_coverageSchema":"1a1c01bbd47fc00a2c39e90264f33305004495a9","hash":"04737259ff7add55d7bd6598fc3e3b9361377b41"}
,"/Users/aleffoliveira/Documents/Portfolio/essay-project-api/src/controllers/user/UserController.ts": {"path":"/Users/aleffoliveira/Documents/Portfolio/essay-project-api/src/controllers/user/UserController.ts","statementMap":{"0":{"start":{"line":15,"column":32},"end":{"line":15,"column":40}},"1":{"start":{"line":16,"column":4},"end":{"line":27,"column":5}},"2":{"start":{"line":17,"column":38},"end":{"line":17,"column":67}},"3":{"start":{"line":19,"column":30},"end":{"line":22,"column":8}},"4":{"start":{"line":24,"column":6},"end":{"line":24,"column":51}},"5":{"start":{"line":26,"column":6},"end":{"line":26,"column":68}},"6":{"start":{"line":31,"column":26},"end":{"line":31,"column":51}},"7":{"start":{"line":33,"column":6},"end":{"line":33,"column":14}},"8":{"start":{"line":34,"column":4},"end":{"line":50,"column":5}},"9":{"start":{"line":35,"column":32},"end":{"line":37,"column":7}},"10":{"start":{"line":38,"column":26},"end":{"line":45,"column":8}},"11":{"start":{"line":47,"column":6},"end":{"line":47,"column":35}},"12":{"start":{"line":49,"column":6},"end":{"line":49,"column":33}},"13":{"start":{"line":53,"column":26},"end":{"line":53,"column":51}},"14":{"start":{"line":54,"column":19},"end":{"line":54,"column":29}},"15":{"start":{"line":56,"column":6},"end":{"line":56,"column":14}},"16":{"start":{"line":57,"column":4},"end":{"line":75,"column":5}},"17":{"start":{"line":58,"column":32},"end":{"line":60,"column":7}},"18":{"start":{"line":62,"column":26},"end":{"line":70,"column":8}},"19":{"start":{"line":72,"column":6},"end":{"line":72,"column":35}},"20":{"start":{"line":74,"column":6},"end":{"line":74,"column":33}},"21":{"start":{"line":79,"column":19},"end":{"line":79,"column":29}},"22":{"start":{"line":80,"column":4},"end":{"line":89,"column":5}},"23":{"start":{"line":81,"column":28},"end":{"line":81,"column":53}},"24":{"start":{"line":82,"column":29},"end":{"line":82,"column":49}},"25":{"start":{"line":84,"column":19},"end":{"line":84,"column":70}},"26":{"start":{"line":86,"column":6},"end":{"line":86,"column":28}},"27":{"start":{"line":88,"column":6},"end":{"line":88,"column":33}},"28":{"start":{"line":93,"column":4},"end":{"line":110,"column":5}},"29":{"start":{"line":94,"column":28},"end":{"line":94,"column":53}},"30":{"start":{"line":95,"column":39},"end":{"line":95,"column":48}},"31":{"start":{"line":96,"column":25},"end":{"line":96,"column":49}},"32":{"start":{"line":97,"column":26},"end":{"line":97,"column":51}},"33":{"start":{"line":99,"column":31},"end":{"line":99,"column":53}},"34":{"start":{"line":101,"column":20},"end":{"line":105,"column":7}},"35":{"start":{"line":107,"column":6},"end":{"line":107,"column":29}},"36":{"start":{"line":109,"column":6},"end":{"line":109,"column":33}},"37":{"start":{"line":114,"column":26},"end":{"line":114,"column":51}},"38":{"start":{"line":115,"column":19},"end":{"line":115,"column":29}},"39":{"start":{"line":116,"column":4},"end":{"line":128,"column":5}},"40":{"start":{"line":117,"column":32},"end":{"line":117,"column":55}},"41":{"start":{"line":119,"column":6},"end":{"line":121,"column":9}},"42":{"start":{"line":123,"column":6},"end":{"line":125,"column":9}},"43":{"start":{"line":127,"column":6},"end":{"line":127,"column":33}}},"fnMap":{"0":{"name":"(anonymous_0)","decl":{"start":{"line":14,"column":2},"end":{"line":14,"column":3}},"loc":{"start":{"line":14,"column":50},"end":{"line":28,"column":3}},"line":14},"1":{"name":"(anonymous_1)","decl":{"start":{"line":30,"column":2},"end":{"line":30,"column":3}},"loc":{"start":{"line":30,"column":44},"end":{"line":51,"column":3}},"line":30},"2":{"name":"(anonymous_2)","decl":{"start":{"line":52,"column":2},"end":{"line":52,"column":3}},"loc":{"start":{"line":52,"column":44},"end":{"line":76,"column":3}},"line":52},"3":{"name":"(anonymous_3)","decl":{"start":{"line":78,"column":2},"end":{"line":78,"column":3}},"loc":{"start":{"line":78,"column":41},"end":{"line":90,"column":3}},"line":78},"4":{"name":"(anonymous_4)","decl":{"start":{"line":92,"column":2},"end":{"line":92,"column":3}},"loc":{"start":{"line":92,"column":42},"end":{"line":111,"column":3}},"line":92},"5":{"name":"(anonymous_5)","decl":{"start":{"line":113,"column":2},"end":{"line":113,"column":3}},"loc":{"start":{"line":113,"column":44},"end":{"line":129,"column":3}},"line":113}},"branchMap":{"0":{"loc":{"start":{"line":95,"column":14},"end":{"line":95,"column":22}},"type":"default-arg","locations":[{"start":{"line":95,"column":21},"end":{"line":95,"column":22}}],"line":95},"1":{"loc":{"start":{"line":95,"column":24},"end":{"line":95,"column":34}},"type":"default-arg","locations":[{"start":{"line":95,"column":32},"end":{"line":95,"column":34}}],"line":95}},"s":{"0":2,"1":2,"2":2,"3":2,"4":1,"5":1,"6":0,"7":0,"8":0,"9":0,"10":0,"11":0,"12":0,"13":0,"14":0,"15":0,"16":0,"17":0,"18":0,"19":0,"20":0,"21":0,"22":0,"23":0,"24":0,"25":0,"26":0,"27":0,"28":0,"29":0,"30":0,"31":0,"32":0,"33":0,"34":0,"35":0,"36":0,"37":0,"38":0,"39":0,"40":0,"41":0,"42":0,"43":0},"f":{"0":2,"1":0,"2":0,"3":0,"4":0,"5":0},"b":{"0":[0],"1":[0]},"_coverageSchema":"1a1c01bbd47fc00a2c39e90264f33305004495a9","hash":"3d740e255184f57cf8eeee8874e4cbdf21d10b0c"}
,"/Users/aleffoliveira/Documents/Portfolio/essay-project-api/src/entities/user/User.ts": {"path":"/Users/aleffoliveira/Documents/Portfolio/essay-project-api/src/entities/user/User.ts","statementMap":{"0":{"start":{"line":40,"column":20},"end":{"line":40,"column":34}},"1":{"start":{"line":52,"column":4},"end":{"line":52,"column":31}},"2":{"start":{"line":53,"column":4},"end":{"line":53,"column":29}},"3":{"start":{"line":54,"column":4},"end":{"line":54,"column":23}},"4":{"start":{"line":55,"column":4},"end":{"line":55,"column":29}},"5":{"start":{"line":56,"column":4},"end":{"line":56,"column":29}},"6":{"start":{"line":57,"column":4},"end":{"line":57,"column":35}},"7":{"start":{"line":58,"column":4},"end":{"line":60,"column":5}},"8":{"start":{"line":59,"column":6},"end":{"line":59,"column":23}}},"fnMap":{"0":{"name":"(anonymous_0)","decl":{"start":{"line":40,"column":14},"end":{"line":40,"column":15}},"loc":{"start":{"line":40,"column":20},"end":{"line":40,"column":34}},"line":40},"1":{"name":"(anonymous_1)","decl":{"start":{"line":44,"column":2},"end":{"line":44,"column":3}},"loc":{"start":{"line":51,"column":4},"end":{"line":61,"column":3}},"line":51}},"branchMap":{"0":{"loc":{"start":{"line":58,"column":4},"end":{"line":60,"column":5}},"type":"if","locations":[{"start":{"line":58,"column":4},"end":{"line":60,"column":5}},{"start":{},"end":{}}],"line":58}},"s":{"0":0,"1":0,"2":0,"3":0,"4":0,"5":0,"6":0,"7":0,"8":0},"f":{"0":0,"1":0},"b":{"0":[0,0]},"_coverageSchema":"1a1c01bbd47fc00a2c39e90264f33305004495a9","hash":"66dec3c423e70d3f49a375da09290c8a4c4e6224"}
,"/Users/aleffoliveira/Documents/Portfolio/essay-project-api/src/entities/user/UserPermission.ts": {"path":"/Users/aleffoliveira/Documents/Portfolio/essay-project-api/src/entities/user/UserPermission.ts","statementMap":{"0":{"start":{"line":14,"column":4},"end":{"line":14,"column":21}},"1":{"start":{"line":15,"column":4},"end":{"line":17,"column":5}},"2":{"start":{"line":16,"column":6},"end":{"line":16,"column":23}}},"fnMap":{"0":{"name":"(anonymous_0)","decl":{"start":{"line":13,"column":2},"end":{"line":13,"column":3}},"loc":{"start":{"line":13,"column":28},"end":{"line":18,"column":3}},"line":13}},"branchMap":{"0":{"loc":{"start":{"line":15,"column":4},"end":{"line":17,"column":5}},"type":"if","locations":[{"start":{"line":15,"column":4},"end":{"line":17,"column":5}},{"start":{},"end":{}}],"line":15}},"s":{"0":0,"1":0,"2":0},"f":{"0":0},"b":{"0":[0,0]},"_coverageSchema":"1a1c01bbd47fc00a2c39e90264f33305004495a9","hash":"61658879e3beaaf47ee4f230bbd202ce9848f928"}
,"/Users/aleffoliveira/Documents/Portfolio/essay-project-api/src/errors/index.ts": {"path":"/Users/aleffoliveira/Documents/Portfolio/essay-project-api/src/errors/index.ts","statementMap":{"0":{"start":{"line":6,"column":4},"end":{"line":6,"column":12}},"1":{"start":{"line":7,"column":4},"end":{"line":7,"column":21}},"2":{"start":{"line":8,"column":4},"end":{"line":8,"column":33}},"3":{"start":{"line":9,"column":4},"end":{"line":9,"column":33}},"4":{"start":{"line":15,"column":4},"end":{"line":15,"column":45}},"5":{"start":{"line":21,"column":4},"end":{"line":21,"column":46}},"6":{"start":{"line":27,"column":4},"end":{"line":27,"column":78}},"7":{"start":{"line":33,"column":4},"end":{"line":33,"column":51}},"8":{"start":{"line":39,"column":4},"end":{"line":39,"column":44}}},"fnMap":{"0":{"name":"(anonymous_0)","decl":{"start":{"line":5,"column":2},"end":{"line":5,"column":3}},"loc":{"start":{"line":5,"column":65},"end":{"line":10,"column":3}},"line":5},"1":{"name":"(anonymous_1)","decl":{"start":{"line":14,"column":2},"end":{"line":14,"column":3}},"loc":{"start":{"line":14,"column":31},"end":{"line":16,"column":3}},"line":14},"2":{"name":"(anonymous_2)","decl":{"start":{"line":20,"column":2},"end":{"line":20,"column":3}},"loc":{"start":{"line":20,"column":31},"end":{"line":22,"column":3}},"line":20},"3":{"name":"(anonymous_3)","decl":{"start":{"line":26,"column":2},"end":{"line":26,"column":3}},"loc":{"start":{"line":26,"column":16},"end":{"line":28,"column":3}},"line":26},"4":{"name":"(anonymous_4)","decl":{"start":{"line":32,"column":2},"end":{"line":32,"column":3}},"loc":{"start":{"line":32,"column":31},"end":{"line":34,"column":3}},"line":32},"5":{"name":"(anonymous_5)","decl":{"start":{"line":38,"column":2},"end":{"line":38,"column":3}},"loc":{"start":{"line":38,"column":31},"end":{"line":40,"column":3}},"line":38}},"branchMap":{},"s":{"0":2,"1":2,"2":2,"3":2,"4":2,"5":0,"6":0,"7":0,"8":0},"f":{"0":2,"1":2,"2":0,"3":0,"4":0,"5":0},"b":{},"_coverageSchema":"1a1c01bbd47fc00a2c39e90264f33305004495a9","hash":"8d6fdc4176b711d8d550cefc7afff62162036d56"}
,"/Users/aleffoliveira/Documents/Portfolio/essay-project-api/src/service/users/AuthenticateUserService.ts": {"path":"/Users/aleffoliveira/Documents/Portfolio/essay-project-api/src/service/users/AuthenticateUserService.ts","statementMap":{"0":{"start":{"line":12,"column":4},"end":{"line":43,"column":5}},"1":{"start":{"line":13,"column":23},"end":{"line":13,"column":61}},"2":{"start":{"line":14,"column":19},"end":{"line":17,"column":8}},"3":{"start":{"line":19,"column":6},"end":{"line":21,"column":7}},"4":{"start":{"line":20,"column":8},"end":{"line":20,"column":65}},"5":{"start":{"line":23,"column":6},"end":{"line":25,"column":7}},"6":{"start":{"line":24,"column":8},"end":{"line":24,"column":65}},"7":{"start":{"line":27,"column":20},"end":{"line":29,"column":8}},"8":{"start":{"line":31,"column":6},"end":{"line":40,"column":8}},"9":{"start":{"line":37,"column":60},"end":{"line":37,"column":75}},"10":{"start":{"line":42,"column":6},"end":{"line":42,"column":18}}},"fnMap":{"0":{"name":"(anonymous_0)","decl":{"start":{"line":11,"column":2},"end":{"line":11,"column":3}},"loc":{"start":{"line":11,"column":54},"end":{"line":44,"column":3}},"line":11},"1":{"name":"(anonymous_1)","decl":{"start":{"line":37,"column":44},"end":{"line":37,"column":45}},"loc":{"start":{"line":37,"column":60},"end":{"line":37,"column":75}},"line":37}},"branchMap":{"0":{"loc":{"start":{"line":19,"column":6},"end":{"line":21,"column":7}},"type":"if","locations":[{"start":{"line":19,"column":6},"end":{"line":21,"column":7}},{"start":{},"end":{}}],"line":19},"1":{"loc":{"start":{"line":23,"column":6},"end":{"line":25,"column":7}},"type":"if","locations":[{"start":{"line":23,"column":6},"end":{"line":25,"column":7}},{"start":{},"end":{}}],"line":23}},"s":{"0":3,"1":3,"2":3,"3":3,"4":1,"5":2,"6":1,"7":1,"8":1,"9":1,"10":2},"f":{"0":3,"1":1},"b":{"0":[1,2],"1":[1,1]},"_coverageSchema":"1a1c01bbd47fc00a2c39e90264f33305004495a9","hash":"c732c864764eeae1219c644d222c5f3d280dad15"}
,"/Users/aleffoliveira/Documents/Portfolio/essay-project-api/src/service/users/CreateUserService.ts": {"path":"/Users/aleffoliveira/Documents/Portfolio/essay-project-api/src/service/users/CreateUserService.ts","statementMap":{"0":{"start":{"line":16,"column":4},"end":{"line":16,"column":29}},"1":{"start":{"line":29,"column":4},"end":{"line":79,"column":5}},"2":{"start":{"line":30,"column":23},"end":{"line":30,"column":61}},"3":{"start":{"line":31,"column":32},"end":{"line":31,"column":76}},"4":{"start":{"line":33,"column":32},"end":{"line":36,"column":7}},"5":{"start":{"line":38,"column":6},"end":{"line":40,"column":7}},"6":{"start":{"line":39,"column":8},"end":{"line":39,"column":35}},"7":{"start":{"line":42,"column":6},"end":{"line":44,"column":7}},"8":{"start":{"line":43,"column":8},"end":{"line":43,"column":60}},"9":{"start":{"line":46,"column":29},"end":{"line":46,"column":68}},"10":{"start":{"line":48,"column":19},"end":{"line":54,"column":8}},"11":{"start":{"line":56,"column":33},"end":{"line":56,"column":76}},"12":{"start":{"line":57,"column":30},"end":{"line":59,"column":8}},"13":{"start":{"line":61,"column":6},"end":{"line":61,"column":41}},"14":{"start":{"line":63,"column":6},"end":{"line":63,"column":32}},"15":{"start":{"line":65,"column":6},"end":{"line":65,"column":33}},"16":{"start":{"line":67,"column":45},"end":{"line":74,"column":7}},"17":{"start":{"line":76,"column":6},"end":{"line":76,"column":36}},"18":{"start":{"line":78,"column":6},"end":{"line":78,"column":18}}},"fnMap":{"0":{"name":"(anonymous_0)","decl":{"start":{"line":15,"column":2},"end":{"line":15,"column":3}},"loc":{"start":{"line":15,"column":45},"end":{"line":17,"column":3}},"line":15},"1":{"name":"(anonymous_1)","decl":{"start":{"line":18,"column":2},"end":{"line":18,"column":3}},"loc":{"start":{"line":28,"column":4},"end":{"line":80,"column":3}},"line":28}},"branchMap":{"0":{"loc":{"start":{"line":38,"column":6},"end":{"line":40,"column":7}},"type":"if","locations":[{"start":{"line":38,"column":6},"end":{"line":40,"column":7}},{"start":{},"end":{}}],"line":38},"1":{"loc":{"start":{"line":42,"column":6},"end":{"line":44,"column":7}},"type":"if","locations":[{"start":{"line":42,"column":6},"end":{"line":44,"column":7}},{"start":{},"end":{}}],"line":42}},"s":{"0":0,"1":0,"2":0,"3":0,"4":0,"5":0,"6":0,"7":0,"8":0,"9":0,"10":0,"11":0,"12":0,"13":0,"14":0,"15":0,"16":0,"17":0,"18":0},"f":{"0":0,"1":0},"b":{"0":[0,0],"1":[0,0]},"_coverageSchema":"1a1c01bbd47fc00a2c39e90264f33305004495a9","hash":"713e9f1b7843e85bc310acc338271974ffb6c76f"}
,"/Users/aleffoliveira/Documents/Portfolio/essay-project-api/src/service/users/DeleteUserService.ts": {"path":"/Users/aleffoliveira/Documents/Portfolio/essay-project-api/src/service/users/DeleteUserService.ts","statementMap":{"0":{"start":{"line":10,"column":4},"end":{"line":30,"column":5}},"1":{"start":{"line":11,"column":23},"end":{"line":11,"column":61}},"2":{"start":{"line":12,"column":19},"end":{"line":12,"column":60}},"3":{"start":{"line":14,"column":32},"end":{"line":17,"column":7}},"4":{"start":{"line":19,"column":6},"end":{"line":21,"column":7}},"5":{"start":{"line":20,"column":8},"end":{"line":20,"column":35}},"6":{"start":{"line":23,"column":6},"end":{"line":25,"column":7}},"7":{"start":{"line":24,"column":8},"end":{"line":24,"column":59}},"8":{"start":{"line":27,"column":6},"end":{"line":27,"column":43}},"9":{"start":{"line":29,"column":6},"end":{"line":29,"column":18}}},"fnMap":{"0":{"name":"(anonymous_0)","decl":{"start":{"line":9,"column":2},"end":{"line":9,"column":3}},"loc":{"start":{"line":9,"column":56},"end":{"line":31,"column":3}},"line":9}},"branchMap":{"0":{"loc":{"start":{"line":19,"column":6},"end":{"line":21,"column":7}},"type":"if","locations":[{"start":{"line":19,"column":6},"end":{"line":21,"column":7}},{"start":{},"end":{}}],"line":19},"1":{"loc":{"start":{"line":23,"column":6},"end":{"line":25,"column":7}},"type":"if","locations":[{"start":{"line":23,"column":6},"end":{"line":25,"column":7}},{"start":{},"end":{}}],"line":23}},"s":{"0":0,"1":0,"2":0,"3":0,"4":0,"5":0,"6":0,"7":0,"8":0,"9":0},"f":{"0":0},"b":{"0":[0,0],"1":[0,0]},"_coverageSchema":"1a1c01bbd47fc00a2c39e90264f33305004495a9","hash":"974cf474b42940ae2c0c5646c6a70f73d0c842e8"}
,"/Users/aleffoliveira/Documents/Portfolio/essay-project-api/src/service/users/GetUserService.ts": {"path":"/Users/aleffoliveira/Documents/Portfolio/essay-project-api/src/service/users/GetUserService.ts","statementMap":{"0":{"start":{"line":11,"column":4},"end":{"line":43,"column":5}},"1":{"start":{"line":12,"column":23},"end":{"line":12,"column":61}},"2":{"start":{"line":13,"column":19},"end":{"line":16,"column":8}},"3":{"start":{"line":18,"column":32},"end":{"line":21,"column":7}},"4":{"start":{"line":23,"column":6},"end":{"line":25,"column":7}},"5":{"start":{"line":24,"column":8},"end":{"line":24,"column":35}},"6":{"start":{"line":27,"column":6},"end":{"line":29,"column":7}},"7":{"start":{"line":28,"column":8},"end":{"line":28,"column":59}},"8":{"start":{"line":31,"column":37},"end":{"line":38,"column":7}},"9":{"start":{"line":40,"column":6},"end":{"line":40,"column":36}},"10":{"start":{"line":42,"column":6},"end":{"line":42,"column":18}}},"fnMap":{"0":{"name":"(anonymous_0)","decl":{"start":{"line":10,"column":2},"end":{"line":10,"column":3}},"loc":{"start":{"line":10,"column":56},"end":{"line":44,"column":3}},"line":10}},"branchMap":{"0":{"loc":{"start":{"line":23,"column":6},"end":{"line":25,"column":7}},"type":"if","locations":[{"start":{"line":23,"column":6},"end":{"line":25,"column":7}},{"start":{},"end":{}}],"line":23},"1":{"loc":{"start":{"line":27,"column":6},"end":{"line":29,"column":7}},"type":"if","locations":[{"start":{"line":27,"column":6},"end":{"line":29,"column":7}},{"start":{},"end":{}}],"line":27}},"s":{"0":0,"1":0,"2":0,"3":0,"4":0,"5":0,"6":0,"7":0,"8":0,"9":0,"10":0},"f":{"0":0},"b":{"0":[0,0],"1":[0,0]},"_coverageSchema":"1a1c01bbd47fc00a2c39e90264f33305004495a9","hash":"abbb290bd9de8918d93f67c443eec8fe31c8e205"}
,"/Users/aleffoliveira/Documents/Portfolio/essay-project-api/src/service/users/ListUsersService.ts": {"path":"/Users/aleffoliveira/Documents/Portfolio/essay-project-api/src/service/users/ListUsersService.ts","statementMap":{"0":{"start":{"line":9,"column":4},"end":{"line":35,"column":5}},"1":{"start":{"line":10,"column":23},"end":{"line":10,"column":61}},"2":{"start":{"line":12,"column":32},"end":{"line":15,"column":7}},"3":{"start":{"line":17,"column":6},"end":{"line":19,"column":7}},"4":{"start":{"line":18,"column":8},"end":{"line":18,"column":35}},"5":{"start":{"line":21,"column":21},"end":{"line":21,"column":39}},"6":{"start":{"line":22,"column":20},"end":{"line":26,"column":8}},"7":{"start":{"line":28,"column":6},"end":{"line":30,"column":7}},"8":{"start":{"line":29,"column":8},"end":{"line":29,"column":58}},"9":{"start":{"line":32,"column":6},"end":{"line":32,"column":44}},"10":{"start":{"line":34,"column":6},"end":{"line":34,"column":18}}},"fnMap":{"0":{"name":"(anonymous_0)","decl":{"start":{"line":8,"column":2},"end":{"line":8,"column":3}},"loc":{"start":{"line":8,"column":65},"end":{"line":36,"column":3}},"line":8}},"branchMap":{"0":{"loc":{"start":{"line":17,"column":6},"end":{"line":19,"column":7}},"type":"if","locations":[{"start":{"line":17,"column":6},"end":{"line":19,"column":7}},{"start":{},"end":{}}],"line":17},"1":{"loc":{"start":{"line":28,"column":6},"end":{"line":30,"column":7}},"type":"if","locations":[{"start":{"line":28,"column":6},"end":{"line":30,"column":7}},{"start":{},"end":{}}],"line":28},"2":{"loc":{"start":{"line":28,"column":10},"end":{"line":28,"column":38}},"type":"binary-expr","locations":[{"start":{"line":28,"column":10},"end":{"line":28,"column":16}},{"start":{"line":28,"column":20},"end":{"line":28,"column":38}}],"line":28}},"s":{"0":0,"1":0,"2":0,"3":0,"4":0,"5":0,"6":0,"7":0,"8":0,"9":0,"10":0},"f":{"0":0},"b":{"0":[0,0],"1":[0,0],"2":[0,0]},"_coverageSchema":"1a1c01bbd47fc00a2c39e90264f33305004495a9","hash":"938ccc274c8776f12be350f23913b8da527b0c41"}
,"/Users/aleffoliveira/Documents/Portfolio/essay-project-api/src/service/users/PermissionsUserService.ts": {"path":"/Users/aleffoliveira/Documents/Portfolio/essay-project-api/src/service/users/PermissionsUserService.ts","statementMap":{"0":{"start":{"line":12,"column":2},"end":{"line":47,"column":3}},"1":{"start":{"line":13,"column":21},"end":{"line":13,"column":59}},"2":{"start":{"line":14,"column":19},"end":{"line":14,"column":75}},"3":{"start":{"line":16,"column":31},"end":{"line":19,"column":6}},"4":{"start":{"line":21,"column":4},"end":{"line":23,"column":5}},"5":{"start":{"line":22,"column":6},"end":{"line":22,"column":52}},"6":{"start":{"line":25,"column":31},"end":{"line":27,"column":5}},"7":{"start":{"line":26,"column":22},"end":{"line":26,"column":37}},"8":{"start":{"line":29,"column":36},"end":{"line":29,"column":71}},"9":{"start":{"line":30,"column":4},"end":{"line":34,"column":5}},"10":{"start":{"line":31,"column":6},"end":{"line":33,"column":8}},"11":{"start":{"line":36,"column":27},"end":{"line":36,"column":70}},"12":{"start":{"line":38,"column":4},"end":{"line":41,"column":6}},"13":{"start":{"line":43,"column":4},"end":{"line":45,"column":5}},"14":{"start":{"line":44,"column":6},"end":{"line":44,"column":51}},"15":{"start":{"line":46,"column":4},"end":{"line":46,"column":16}},"16":{"start":{"line":50,"column":50},"end":{"line":61,"column":1}},"17":{"start":{"line":53,"column":2},"end":{"line":60,"column":4}},"18":{"start":{"line":63,"column":44},"end":{"line":72,"column":1}},"19":{"start":{"line":64,"column":2},"end":{"line":71,"column":4}},"20":{"start":{"line":74,"column":41},"end":{"line":83,"column":1}},"21":{"start":{"line":75,"column":2},"end":{"line":82,"column":4}},"22":{"start":{"line":85,"column":44},"end":{"line":94,"column":1}},"23":{"start":{"line":86,"column":2},"end":{"line":93,"column":4}},"24":{"start":{"line":96,"column":43},"end":{"line":105,"column":1}},"25":{"start":{"line":97,"column":2},"end":{"line":104,"column":4}},"26":{"start":{"line":107,"column":44},"end":{"line":116,"column":1}},"27":{"start":{"line":108,"column":2},"end":{"line":115,"column":4}},"28":{"start":{"line":122,"column":52},"end":{"line":128,"column":1}}},"fnMap":{"0":{"name":"getPermissions","decl":{"start":{"line":8,"column":22},"end":{"line":8,"column":36}},"loc":{"start":{"line":11,"column":2},"end":{"line":48,"column":1}},"line":11},"1":{"name":"(anonymous_1)","decl":{"start":{"line":26,"column":6},"end":{"line":26,"column":7}},"loc":{"start":{"line":26,"column":22},"end":{"line":26,"column":37}},"line":26},"2":{"name":"(anonymous_2)","decl":{"start":{"line":50,"column":50},"end":{"line":50,"column":51}},"loc":{"start":{"line":52,"column":5},"end":{"line":61,"column":1}},"line":52},"3":{"name":"(anonymous_3)","decl":{"start":{"line":63,"column":44},"end":{"line":63,"column":45}},"loc":{"start":{"line":63,"column":75},"end":{"line":72,"column":1}},"line":63},"4":{"name":"(anonymous_4)","decl":{"start":{"line":74,"column":41},"end":{"line":74,"column":42}},"loc":{"start":{"line":74,"column":72},"end":{"line":83,"column":1}},"line":74},"5":{"name":"(anonymous_5)","decl":{"start":{"line":85,"column":44},"end":{"line":85,"column":45}},"loc":{"start":{"line":85,"column":75},"end":{"line":94,"column":1}},"line":85},"6":{"name":"(anonymous_6)","decl":{"start":{"line":96,"column":43},"end":{"line":96,"column":44}},"loc":{"start":{"line":96,"column":74},"end":{"line":105,"column":1}},"line":96},"7":{"name":"(anonymous_7)","decl":{"start":{"line":107,"column":44},"end":{"line":107,"column":45}},"loc":{"start":{"line":107,"column":75},"end":{"line":116,"column":1}},"line":107}},"branchMap":{"0":{"loc":{"start":{"line":21,"column":4},"end":{"line":23,"column":5}},"type":"if","locations":[{"start":{"line":21,"column":4},"end":{"line":23,"column":5}},{"start":{},"end":{}}],"line":21},"1":{"loc":{"start":{"line":30,"column":4},"end":{"line":34,"column":5}},"type":"if","locations":[{"start":{"line":30,"column":4},"end":{"line":34,"column":5}},{"start":{},"end":{}}],"line":30},"2":{"loc":{"start":{"line":43,"column":4},"end":{"line":45,"column":5}},"type":"if","locations":[{"start":{"line":43,"column":4},"end":{"line":45,"column":5}},{"start":{},"end":{}}],"line":43},"3":{"loc":{"start":{"line":54,"column":4},"end":{"line":59,"column":57}},"type":"binary-expr","locations":[{"start":{"line":54,"column":4},"end":{"line":54,"column":53}},{"start":{"line":55,"column":4},"end":{"line":55,"column":52}},{"start":{"line":56,"column":4},"end":{"line":56,"column":56}},{"start":{"line":57,"column":4},"end":{"line":57,"column":57}},{"start":{"line":58,"column":4},"end":{"line":58,"column":55}},{"start":{"line":59,"column":4},"end":{"line":59,"column":57}}],"line":54},"4":{"loc":{"start":{"line":65,"column":4},"end":{"line":70,"column":57}},"type":"binary-expr","locations":[{"start":{"line":65,"column":4},"end":{"line":65,"column":53}},{"start":{"line":66,"column":4},"end":{"line":66,"column":52}},{"start":{"line":67,"column":4},"end":{"line":67,"column":56}},{"start":{"line":68,"column":4},"end":{"line":68,"column":57}},{"start":{"line":69,"column":4},"end":{"line":69,"column":55}},{"start":{"line":70,"column":4},"end":{"line":70,"column":57}}],"line":65},"5":{"loc":{"start":{"line":76,"column":4},"end":{"line":81,"column":57}},"type":"binary-expr","locations":[{"start":{"line":76,"column":4},"end":{"line":76,"column":53}},{"start":{"line":77,"column":4},"end":{"line":77,"column":52}},{"start":{"line":78,"column":4},"end":{"line":78,"column":56}},{"start":{"line":79,"column":4},"end":{"line":79,"column":57}},{"start":{"line":80,"column":4},"end":{"line":80,"column":55}},{"start":{"line":81,"column":4},"end":{"line":81,"column":57}}],"line":76},"6":{"loc":{"start":{"line":87,"column":4},"end":{"line":92,"column":57}},"type":"binary-expr","locations":[{"start":{"line":87,"column":4},"end":{"line":87,"column":53}},{"start":{"line":88,"column":4},"end":{"line":88,"column":52}},{"start":{"line":89,"column":4},"end":{"line":89,"column":56}},{"start":{"line":90,"column":4},"end":{"line":90,"column":57}},{"start":{"line":91,"column":4},"end":{"line":91,"column":55}},{"start":{"line":92,"column":4},"end":{"line":92,"column":57}}],"line":87},"7":{"loc":{"start":{"line":98,"column":4},"end":{"line":103,"column":57}},"type":"binary-expr","locations":[{"start":{"line":98,"column":4},"end":{"line":98,"column":53}},{"start":{"line":99,"column":4},"end":{"line":99,"column":52}},{"start":{"line":101,"column":4},"end":{"line":101,"column":57}},{"start":{"line":102,"column":4},"end":{"line":102,"column":55}},{"start":{"line":103,"column":4},"end":{"line":103,"column":57}}],"line":98},"8":{"loc":{"start":{"line":109,"column":4},"end":{"line":114,"column":57}},"type":"binary-expr","locations":[{"start":{"line":109,"column":4},"end":{"line":109,"column":53}},{"start":{"line":110,"column":4},"end":{"line":110,"column":52}},{"start":{"line":111,"column":4},"end":{"line":111,"column":56}},{"start":{"line":112,"column":4},"end":{"line":112,"column":57}},{"start":{"line":113,"column":4},"end":{"line":113,"column":55}},{"start":{"line":114,"column":4},"end":{"line":114,"column":57}}],"line":109}},"s":{"0":0,"1":0,"2":0,"3":0,"4":0,"5":0,"6":0,"7":0,"8":0,"9":0,"10":0,"11":0,"12":0,"13":0,"14":0,"15":0,"16":1,"17":0,"18":1,"19":0,"20":1,"21":0,"22":1,"23":0,"24":1,"25":0,"26":1,"27":0,"28":1},"f":{"0":0,"1":0,"2":0,"3":0,"4":0,"5":0,"6":0,"7":0},"b":{"0":[0,0],"1":[0,0],"2":[0,0],"3":[0,0,0,0,0,0],"4":[0,0,0,0,0,0],"5":[0,0,0,0,0,0],"6":[0,0,0,0,0,0],"7":[0,0,0,0,0],"8":[0,0,0,0,0,0]},"_coverageSchema":"1a1c01bbd47fc00a2c39e90264f33305004495a9","hash":"b7b6f4d0e96995744dc787b6bb2246c06aa346a4"}
,"/Users/aleffoliveira/Documents/Portfolio/essay-project-api/src/service/users/UpdateUserService.ts": {"path":"/Users/aleffoliveira/Documents/Portfolio/essay-project-api/src/service/users/UpdateUserService.ts","statementMap":{"0":{"start":{"line":20,"column":4},"end":{"line":20,"column":29}},"1":{"start":{"line":35,"column":4},"end":{"line":98,"column":5}},"2":{"start":{"line":36,"column":23},"end":{"line":36,"column":61}},"3":{"start":{"line":37,"column":19},"end":{"line":40,"column":8}},"4":{"start":{"line":42,"column":32},"end":{"line":45,"column":7}},"5":{"start":{"line":47,"column":6},"end":{"line":49,"column":7}},"6":{"start":{"line":48,"column":8},"end":{"line":48,"column":35}},"7":{"start":{"line":51,"column":6},"end":{"line":53,"column":7}},"8":{"start":{"line":52,"column":8},"end":{"line":52,"column":59}},"9":{"start":{"line":55,"column":6},"end":{"line":60,"column":7}},"10":{"start":{"line":56,"column":29},"end":{"line":56,"column":73}},"11":{"start":{"line":57,"column":8},"end":{"line":59,"column":9}},"12":{"start":{"line":58,"column":10},"end":{"line":58,"column":63}},"13":{"start":{"line":62,"column":6},"end":{"line":62,"column":48}},"14":{"start":{"line":62,"column":21},"end":{"line":62,"column":48}},"15":{"start":{"line":63,"column":6},"end":{"line":63,"column":45}},"16":{"start":{"line":63,"column":20},"end":{"line":63,"column":45}},"17":{"start":{"line":64,"column":6},"end":{"line":64,"column":36}},"18":{"start":{"line":64,"column":17},"end":{"line":64,"column":36}},"19":{"start":{"line":65,"column":6},"end":{"line":65,"column":59}},"20":{"start":{"line":65,"column":34},"end":{"line":65,"column":59}},"21":{"start":{"line":67,"column":6},"end":{"line":69,"column":7}},"22":{"start":{"line":68,"column":8},"end":{"line":68,"column":35}},"23":{"start":{"line":71,"column":6},"end":{"line":73,"column":7}},"24":{"start":{"line":72,"column":8},"end":{"line":72,"column":53}},"25":{"start":{"line":75,"column":6},"end":{"line":81,"column":7}},"26":{"start":{"line":76,"column":35},"end":{"line":76,"column":78}},"27":{"start":{"line":77,"column":32},"end":{"line":79,"column":10}},"28":{"start":{"line":80,"column":8},"end":{"line":80,"column":43}},"29":{"start":{"line":83,"column":6},"end":{"line":83,"column":32}},"30":{"start":{"line":85,"column":43},"end":{"line":93,"column":7}},"31":{"start":{"line":95,"column":6},"end":{"line":95,"column":36}},"32":{"start":{"line":97,"column":6},"end":{"line":97,"column":18}}},"fnMap":{"0":{"name":"(anonymous_0)","decl":{"start":{"line":19,"column":2},"end":{"line":19,"column":3}},"loc":{"start":{"line":19,"column":45},"end":{"line":21,"column":3}},"line":19},"1":{"name":"(anonymous_1)","decl":{"start":{"line":23,"column":2},"end":{"line":23,"column":3}},"loc":{"start":{"line":34,"column":4},"end":{"line":99,"column":3}},"line":34}},"branchMap":{"0":{"loc":{"start":{"line":47,"column":6},"end":{"line":49,"column":7}},"type":"if","locations":[{"start":{"line":47,"column":6},"end":{"line":49,"column":7}},{"start":{},"end":{}}],"line":47},"1":{"loc":{"start":{"line":51,"column":6},"end":{"line":53,"column":7}},"type":"if","locations":[{"start":{"line":51,"column":6},"end":{"line":53,"column":7}},{"start":{},"end":{}}],"line":51},"2":{"loc":{"start":{"line":55,"column":6},"end":{"line":60,"column":7}},"type":"if","locations":[{"start":{"line":55,"column":6},"end":{"line":60,"column":7}},{"start":{},"end":{}}],"line":55},"3":{"loc":{"start":{"line":55,"column":10},"end":{"line":55,"column":39}},"type":"binary-expr","locations":[{"start":{"line":55,"column":10},"end":{"line":55,"column":15}},{"start":{"line":55,"column":19},"end":{"line":55,"column":39}}],"line":55},"4":{"loc":{"start":{"line":57,"column":8},"end":{"line":59,"column":9}},"type":"if","locations":[{"start":{"line":57,"column":8},"end":{"line":59,"column":9}},{"start":{},"end":{}}],"line":57},"5":{"loc":{"start":{"line":62,"column":6},"end":{"line":62,"column":48}},"type":"if","locations":[{"start":{"line":62,"column":6},"end":{"line":62,"column":48}},{"start":{},"end":{}}],"line":62},"6":{"loc":{"start":{"line":63,"column":6},"end":{"line":63,"column":45}},"type":"if","locations":[{"start":{"line":63,"column":6},"end":{"line":63,"column":45}},{"start":{},"end":{}}],"line":63},"7":{"loc":{"start":{"line":64,"column":6},"end":{"line":64,"column":36}},"type":"if","locations":[{"start":{"line":64,"column":6},"end":{"line":64,"column":36}},{"start":{},"end":{}}],"line":64},"8":{"loc":{"start":{"line":65,"column":6},"end":{"line":65,"column":59}},"type":"if","locations":[{"start":{"line":65,"column":6},"end":{"line":65,"column":59}},{"start":{},"end":{}}],"line":65},"9":{"loc":{"start":{"line":67,"column":6},"end":{"line":69,"column":7}},"type":"if","locations":[{"start":{"line":67,"column":6},"end":{"line":69,"column":7}},{"start":{},"end":{}}],"line":67},"10":{"loc":{"start":{"line":67,"column":10},"end":{"line":67,"column":70}},"type":"binary-expr","locations":[{"start":{"line":67,"column":10},"end":{"line":67,"column":18}},{"start":{"line":67,"column":22},"end":{"line":67,"column":70}}],"line":67},"11":{"loc":{"start":{"line":71,"column":6},"end":{"line":73,"column":7}},"type":"if","locations":[{"start":{"line":71,"column":6},"end":{"line":73,"column":7}},{"start":{},"end":{}}],"line":71},"12":{"loc":{"start":{"line":75,"column":6},"end":{"line":81,"column":7}},"type":"if","locations":[{"start":{"line":75,"column":6},"end":{"line":81,"column":7}},{"start":{},"end":{}}],"line":75}},"s":{"0":0,"1":0,"2":0,"3":0,"4":0,"5":0,"6":0,"7":0,"8":0,"9":0,"10":0,"11":0,"12":0,"13":0,"14":0,"15":0,"16":0,"17":0,"18":0,"19":0,"20":0,"21":0,"22":0,"23":0,"24":0,"25":0,"26":0,"27":0,"28":0,"29":0,"30":0,"31":0,"32":0},"f":{"0":0,"1":0},"b":{"0":[0,0],"1":[0,0],"2":[0,0],"3":[0,0],"4":[0,0],"5":[0,0],"6":[0,0],"7":[0,0],"8":[0,0],"9":[0,0],"10":[0,0],"11":[0,0],"12":[0,0]},"_coverageSchema":"1a1c01bbd47fc00a2c39e90264f33305004495a9","hash":"109912fd8b0ad87f916fd20d0867250bcd76c175"}
,"/Users/aleffoliveira/Documents/Portfolio/essay-project-api/src/service/users/observers/EmailNotifier.ts": {"path":"/Users/aleffoliveira/Documents/Portfolio/essay-project-api/src/service/users/observers/EmailNotifier.ts","statementMap":{"0":{"start":{"line":13,"column":4},"end":{"line":13,"column":52}},"1":{"start":{"line":19,"column":4},"end":{"line":19,"column":68}}},"fnMap":{"0":{"name":"(anonymous_0)","decl":{"start":{"line":12,"column":2},"end":{"line":12,"column":3}},"loc":{"start":{"line":12,"column":27},"end":{"line":14,"column":3}},"line":12},"1":{"name":"(anonymous_1)","decl":{"start":{"line":18,"column":2},"end":{"line":18,"column":3}},"loc":{"start":{"line":18,"column":27},"end":{"line":20,"column":3}},"line":18}},"branchMap":{},"s":{"0":0,"1":0},"f":{"0":0,"1":0},"b":{},"_coverageSchema":"1a1c01bbd47fc00a2c39e90264f33305004495a9","hash":"885d75c4df2b9d7288b2af8217fe3286e2f632b8"}
}
