{"total": {"lines":{"total":310,"covered":220,"skipped":0,"pct":70.96},"statements":{"total":323,"covered":225,"skipped":0,"pct":69.65},"functions":{"total":65,"covered":28,"skipped":0,"pct":43.07},"branches":{"total":202,"covered":100,"skipped":0,"pct":49.5},"branchesTrue":{"total":0,"covered":0,"skipped":0,"pct":100}}
,"/Users/aleffoliveira/Documents/Portfolio/essay-project-api/src/data-source.ts": {"lines":{"total":1,"covered":1,"skipped":0,"pct":100},"functions":{"total":0,"covered":0,"skipped":0,"pct":100},"statements":{"total":1,"covered":1,"skipped":0,"pct":100},"branches":{"total":0,"covered":0,"skipped":0,"pct":100}}
,"/Users/aleffoliveira/Documents/Portfolio/essay-project-api/src/constants/index.ts": {"lines":{"total":2,"covered":2,"skipped":0,"pct":100},"functions":{"total":0,"covered":0,"skipped":0,"pct":100},"statements":{"total":2,"covered":2,"skipped":0,"pct":100},"branches":{"total":48,"covered":24,"skipped":0,"pct":50}}
,"/Users/aleffoliveira/Documents/Portfolio/essay-project-api/src/controllers/user/UserController.ts": {"lines":{"total":62,"covered":57,"skipped":0,"pct":91.93},"functions":{"total":6,"covered":6,"skipped":0,"pct":100},"statements":{"total":62,"covered":57,"skipped":0,"pct":91.93},"branches":{"total":23,"covered":18,"skipped":0,"pct":78.26}}
,"/Users/aleffoliveira/Documents/Portfolio/essay-project-api/src/controllers/user/UserPermissionController.ts": {"lines":{"total":22,"covered":20,"skipped":0,"pct":90.9},"functions":{"total":2,"covered":2,"skipped":0,"pct":100},"statements":{"total":22,"covered":20,"skipped":0,"pct":90.9},"branches":{"total":8,"covered":6,"skipped":0,"pct":75}}
,"/Users/aleffoliveira/Documents/Portfolio/essay-project-api/src/entities/essay/Enum.ts": {"lines":{"total":0,"covered":0,"skipped":0,"pct":100},"functions":{"total":0,"covered":0,"skipped":0,"pct":100},"statements":{"total":0,"covered":0,"skipped":0,"pct":100},"branches":{"total":0,"covered":0,"skipped":0,"pct":100}}
,"/Users/aleffoliveira/Documents/Portfolio/essay-project-api/src/entities/essay/Essay.ts": {"lines":{"total":12,"covered":0,"skipped":0,"pct":0},"functions":{"total":7,"covered":0,"skipped":0,"pct":0},"statements":{"total":15,"covered":0,"skipped":0,"pct":0},"branches":{"total":2,"covered":0,"skipped":0,"pct":0}}
,"/Users/aleffoliveira/Documents/Portfolio/essay-project-api/src/entities/essay/EssayTag.ts": {"lines":{"total":6,"covered":0,"skipped":0,"pct":0},"functions":{"total":5,"covered":0,"skipped":0,"pct":0},"statements":{"total":8,"covered":0,"skipped":0,"pct":0},"branches":{"total":2,"covered":0,"skipped":0,"pct":0}}
,"/Users/aleffoliveira/Documents/Portfolio/essay-project-api/src/entities/essay/EssayUpdate.ts": {"lines":{"total":9,"covered":0,"skipped":0,"pct":0},"functions":{"total":4,"covered":0,"skipped":0,"pct":0},"statements":{"total":10,"covered":0,"skipped":0,"pct":0},"branches":{"total":2,"covered":0,"skipped":0,"pct":0}}
,"/Users/aleffoliveira/Documents/Portfolio/essay-project-api/src/entities/essay/Tag.ts": {"lines":{"total":4,"covered":0,"skipped":0,"pct":0},"functions":{"total":3,"covered":0,"skipped":0,"pct":0},"statements":{"total":5,"covered":0,"skipped":0,"pct":0},"branches":{"total":2,"covered":0,"skipped":0,"pct":0}}
,"/Users/aleffoliveira/Documents/Portfolio/essay-project-api/src/entities/user/User.ts": {"lines":{"total":11,"covered":0,"skipped":0,"pct":0},"functions":{"total":4,"covered":0,"skipped":0,"pct":0},"statements":{"total":12,"covered":0,"skipped":0,"pct":0},"branches":{"total":2,"covered":0,"skipped":0,"pct":0}}
,"/Users/aleffoliveira/Documents/Portfolio/essay-project-api/src/entities/user/UserPermission.ts": {"lines":{"total":3,"covered":0,"skipped":0,"pct":0},"functions":{"total":1,"covered":0,"skipped":0,"pct":0},"statements":{"total":3,"covered":0,"skipped":0,"pct":0},"branches":{"total":2,"covered":0,"skipped":0,"pct":0}}
,"/Users/aleffoliveira/Documents/Portfolio/essay-project-api/src/errors/index.ts": {"lines":{"total":9,"covered":8,"skipped":0,"pct":88.88},"functions":{"total":6,"covered":5,"skipped":0,"pct":83.33},"statements":{"total":9,"covered":8,"skipped":0,"pct":88.88},"branches":{"total":0,"covered":0,"skipped":0,"pct":100}}
,"/Users/aleffoliveira/Documents/Portfolio/essay-project-api/src/middleware/userAuthMiddleware.ts": {"lines":{"total":11,"covered":0,"skipped":0,"pct":0},"functions":{"total":1,"covered":0,"skipped":0,"pct":0},"statements":{"total":11,"covered":0,"skipped":0,"pct":0},"branches":{"total":4,"covered":0,"skipped":0,"pct":0}}
,"/Users/aleffoliveira/Documents/Portfolio/essay-project-api/src/service/HealthCheckService.ts": {"lines":{"total":5,"covered":4,"skipped":0,"pct":80},"functions":{"total":1,"covered":1,"skipped":0,"pct":100},"statements":{"total":5,"covered":4,"skipped":0,"pct":80},"branches":{"total":2,"covered":1,"skipped":0,"pct":50}}
,"/Users/aleffoliveira/Documents/Portfolio/essay-project-api/src/service/PermissionsUserService.ts": {"lines":{"total":35,"covered":10,"skipped":0,"pct":28.57},"functions":{"total":11,"covered":0,"skipped":0,"pct":0},"statements":{"total":35,"covered":10,"skipped":0,"pct":28.57},"branches":{"total":47,"covered":0,"skipped":0,"pct":0}}
,"/Users/aleffoliveira/Documents/Portfolio/essay-project-api/src/service/user-permissions/CreateUserPermissionService.ts": {"lines":{"total":13,"covered":13,"skipped":0,"pct":100},"functions":{"total":1,"covered":1,"skipped":0,"pct":100},"statements":{"total":13,"covered":13,"skipped":0,"pct":100},"branches":{"total":4,"covered":4,"skipped":0,"pct":100}}
,"/Users/aleffoliveira/Documents/Portfolio/essay-project-api/src/service/user-permissions/ListUserPermissionsService.ts": {"lines":{"total":11,"covered":11,"skipped":0,"pct":100},"functions":{"total":1,"covered":1,"skipped":0,"pct":100},"statements":{"total":11,"covered":11,"skipped":0,"pct":100},"branches":{"total":6,"covered":6,"skipped":0,"pct":100}}
,"/Users/aleffoliveira/Documents/Portfolio/essay-project-api/src/service/users/AuthenticateUserService.ts": {"lines":{"total":12,"covered":12,"skipped":0,"pct":100},"functions":{"total":2,"covered":2,"skipped":0,"pct":100},"statements":{"total":12,"covered":12,"skipped":0,"pct":100},"branches":{"total":4,"covered":4,"skipped":0,"pct":100}}
,"/Users/aleffoliveira/Documents/Portfolio/essay-project-api/src/service/users/CreateUserService.ts": {"lines":{"total":18,"covered":18,"skipped":0,"pct":100},"functions":{"total":2,"covered":2,"skipped":0,"pct":100},"statements":{"total":18,"covered":18,"skipped":0,"pct":100},"branches":{"total":4,"covered":4,"skipped":0,"pct":100}}
,"/Users/aleffoliveira/Documents/Portfolio/essay-project-api/src/service/users/DeleteUserService.ts": {"lines":{"total":10,"covered":10,"skipped":0,"pct":100},"functions":{"total":1,"covered":1,"skipped":0,"pct":100},"statements":{"total":10,"covered":10,"skipped":0,"pct":100},"branches":{"total":4,"covered":4,"skipped":0,"pct":100}}
,"/Users/aleffoliveira/Documents/Portfolio/essay-project-api/src/service/users/GetUserService.ts": {"lines":{"total":11,"covered":11,"skipped":0,"pct":100},"functions":{"total":1,"covered":1,"skipped":0,"pct":100},"statements":{"total":11,"covered":11,"skipped":0,"pct":100},"branches":{"total":4,"covered":4,"skipped":0,"pct":100}}
,"/Users/aleffoliveira/Documents/Portfolio/essay-project-api/src/service/users/ListUsersService.ts": {"lines":{"total":12,"covered":12,"skipped":0,"pct":100},"functions":{"total":2,"covered":2,"skipped":0,"pct":100},"statements":{"total":13,"covered":13,"skipped":0,"pct":100},"branches":{"total":6,"covered":6,"skipped":0,"pct":100}}
,"/Users/aleffoliveira/Documents/Portfolio/essay-project-api/src/service/users/UpdateUserService.ts": {"lines":{"total":29,"covered":29,"skipped":0,"pct":100},"functions":{"total":2,"covered":2,"skipped":0,"pct":100},"statements":{"total":33,"covered":33,"skipped":0,"pct":100},"branches":{"total":26,"covered":19,"skipped":0,"pct":73.07}}
,"/Users/aleffoliveira/Documents/Portfolio/essay-project-api/src/service/users/observers/EmailNotifier.ts": {"lines":{"total":2,"covered":2,"skipped":0,"pct":100},"functions":{"total":2,"covered":2,"skipped":0,"pct":100},"statements":{"total":2,"covered":2,"skipped":0,"pct":100},"branches":{"total":0,"covered":0,"skipped":0,"pct":100}}
}
