TN:
SF:src/data-source.ts
FNF:0
FNH:0
DA:5,12
LF:1
LH:1
BRF:0
BRH:0
end_of_record
TN:
SF:src/constants/index.ts
FNF:0
FNH:0
DA:3,12
DA:32,12
LF:2
LH:2
BRDA:4,0,0,12
BRDA:4,0,1,0
BRDA:6,1,0,12
BRDA:6,1,1,0
BRDA:7,2,0,12
BRDA:7,2,1,0
BRDA:8,3,0,12
BRDA:8,3,1,0
BRDA:9,4,0,12
BRDA:9,4,1,0
BRDA:10,5,0,12
BRDA:10,5,1,0
BRDA:13,6,0,12
BRDA:13,6,1,0
BRDA:14,7,0,12
BRDA:14,7,1,0
BRDA:15,8,0,12
BRDA:15,8,1,0
BRDA:16,9,0,12
BRDA:16,9,1,0
BRDA:17,10,0,12
BRDA:17,10,1,0
BRDA:20,11,0,12
BRDA:20,11,1,0
BRDA:21,12,0,12
BRDA:21,12,1,0
BRDA:22,13,0,12
BRDA:22,13,1,0
BRDA:23,14,0,12
BRDA:23,14,1,0
BRDA:24,15,0,12
BRDA:24,15,1,0
BRDA:27,16,0,12
BRDA:27,16,1,0
BRDA:28,17,0,12
BRDA:28,17,1,0
BRDA:33,18,0,12
BRDA:33,18,1,0
BRDA:34,19,0,12
BRDA:34,19,1,0
BRDA:35,20,0,12
BRDA:35,20,1,0
BRDA:36,21,0,12
BRDA:36,21,1,0
BRDA:37,22,0,12
BRDA:37,22,1,0
BRDA:38,23,0,12
BRDA:38,23,1,0
BRF:48
BRH:24
end_of_record
TN:
SF:src/controllers/user/UserController.ts
FN:19,(anonymous_0)
FN:41,(anonymous_1)
FN:73,(anonymous_2)
FN:109,(anonymous_3)
FN:132,(anonymous_4)
FN:162,(anonymous_5)
FNF:6
FNH:6
FNDA:3,(anonymous_0)
FNDA:3,(anonymous_1)
FNDA:4,(anonymous_2)
FNDA:3,(anonymous_3)
FNDA:3,(anonymous_4)
FNDA:3,(anonymous_5)
DA:20,3
DA:21,3
DA:22,3
DA:24,3
DA:29,1
DA:31,2
DA:32,1
DA:33,1
DA:35,1
DA:42,3
DA:44,3
DA:45,3
DA:46,3
DA:49,3
DA:58,1
DA:60,2
DA:64,2
DA:65,2
DA:67,0
DA:74,4
DA:75,4
DA:77,4
DA:78,4
DA:79,4
DA:83,4
DA:93,1
DA:95,3
DA:100,3
DA:101,3
DA:103,0
DA:110,3
DA:111,3
DA:112,3
DA:113,3
DA:115,3
DA:117,1
DA:119,2
DA:123,2
DA:124,2
DA:126,0
DA:133,3
DA:134,3
DA:135,3
DA:136,3
DA:137,3
DA:139,3
DA:141,3
DA:147,1
DA:149,2
DA:153,2
DA:154,2
DA:156,0
DA:163,3
DA:164,3
DA:165,3
DA:166,3
DA:168,3
DA:172,1
DA:176,2
DA:180,2
DA:181,2
DA:183,0
LF:62
LH:57
BRDA:31,0,0,1
BRDA:31,0,1,1
BRDA:60,1,0,2
BRDA:60,1,1,0
BRDA:61,2,0,2
BRDA:61,2,1,1
BRDA:95,3,0,3
BRDA:95,3,1,0
BRDA:96,4,0,3
BRDA:96,4,1,2
BRDA:96,4,2,1
BRDA:119,5,0,2
BRDA:119,5,1,0
BRDA:120,6,0,2
BRDA:120,6,1,1
BRDA:149,7,0,2
BRDA:149,7,1,0
BRDA:150,8,0,2
BRDA:150,8,1,1
BRDA:176,9,0,2
BRDA:176,9,1,0
BRDA:177,10,0,2
BRDA:177,10,1,1
BRF:23
BRH:18
end_of_record
TN:
SF:src/controllers/user/UserPermissionController.ts
FN:11,(anonymous_0)
FN:36,(anonymous_1)
FNF:2
FNH:2
FNDA:3,(anonymous_0)
FNDA:3,(anonymous_1)
DA:12,3
DA:13,3
DA:14,3
DA:15,3
DA:16,3
DA:23,1
DA:25,2
DA:29,2
DA:30,2
DA:32,0
DA:37,3
DA:38,3
DA:39,3
DA:40,3
DA:41,3
DA:43,3
DA:45,3
DA:51,1
DA:53,2
DA:57,2
DA:58,2
DA:60,0
LF:22
LH:20
BRDA:25,0,0,2
BRDA:25,0,1,0
BRDA:26,1,0,2
BRDA:26,1,1,1
BRDA:53,2,0,2
BRDA:53,2,1,0
BRDA:54,3,0,2
BRDA:54,3,1,1
BRF:8
BRH:6
end_of_record
TN:
SF:src/entities/user/User.ts
FN:40,(anonymous_0)
FN:44,(anonymous_1)
FNF:2
FNH:0
FNDA:0,(anonymous_0)
FNDA:0,(anonymous_1)
DA:40,0
DA:52,0
DA:53,0
DA:54,0
DA:55,0
DA:56,0
DA:57,0
DA:58,0
DA:59,0
LF:9
LH:0
BRDA:58,0,0,0
BRDA:58,0,1,0
BRF:2
BRH:0
end_of_record
TN:
SF:src/entities/user/UserPermission.ts
FN:13,(anonymous_0)
FNF:1
FNH:0
FNDA:0,(anonymous_0)
DA:14,0
DA:15,0
DA:16,0
LF:3
LH:0
BRDA:15,0,0,0
BRDA:15,0,1,0
BRF:2
BRH:0
end_of_record
TN:
SF:src/errors/index.ts
FN:5,(anonymous_0)
FN:14,(anonymous_1)
FN:20,(anonymous_2)
FN:26,(anonymous_3)
FN:32,(anonymous_4)
FN:38,(anonymous_5)
FNF:6
FNH:5
FNDA:49,(anonymous_0)
FNDA:17,(anonymous_1)
FNDA:9,(anonymous_2)
FNDA:22,(anonymous_3)
FNDA:1,(anonymous_4)
FNDA:0,(anonymous_5)
DA:6,49
DA:7,49
DA:8,49
DA:9,49
DA:15,17
DA:21,9
DA:27,22
DA:33,1
DA:39,0
LF:9
LH:8
BRF:0
BRH:0
end_of_record
TN:
SF:src/middleware/userAuthMiddleware.ts
FN:6,userAuthMiddleware
FNF:1
FNH:0
FNDA:0,userAuthMiddleware
DA:11,0
DA:12,0
DA:14,0
DA:15,0
DA:17,0
DA:19,0
DA:21,0
DA:23,0
DA:25,0
DA:26,0
DA:28,0
LF:11
LH:0
BRDA:14,0,0,0
BRDA:14,0,1,0
BRDA:25,1,0,0
BRDA:25,1,1,0
BRF:4
BRH:0
end_of_record
TN:
SF:src/service/HealthCheckService.ts
FN:5,(anonymous_0)
FNF:1
FNH:1
FNDA:1,(anonymous_0)
DA:6,1
DA:7,1
DA:8,1
DA:10,0
DA:12,1
LF:5
LH:4
BRDA:7,0,0,1
BRDA:7,0,1,0
BRF:2
BRH:1
end_of_record
TN:
SF:src/service/PermissionsUserService.ts
FN:8,getPermissions
FN:26,(anonymous_1)
FN:52,(anonymous_2)
FN:65,(anonymous_3)
FN:76,(anonymous_4)
FN:87,(anonymous_5)
FN:98,(anonymous_6)
FN:109,(anonymous_7)
FN:122,(anonymous_8)
FN:126,(anonymous_9)
FNF:10
FNH:0
FNDA:0,getPermissions
FNDA:0,(anonymous_1)
FNDA:0,(anonymous_2)
FNDA:0,(anonymous_3)
FNDA:0,(anonymous_4)
FNDA:0,(anonymous_5)
FNDA:0,(anonymous_6)
FNDA:0,(anonymous_7)
FNDA:0,(anonymous_8)
FNDA:0,(anonymous_9)
DA:12,0
DA:13,0
DA:14,0
DA:16,0
DA:21,0
DA:22,0
DA:25,0
DA:26,0
DA:29,0
DA:30,0
DA:31,0
DA:36,0
DA:38,0
DA:43,0
DA:44,0
DA:46,0
DA:52,9
DA:55,0
DA:65,9
DA:66,0
DA:76,9
DA:77,0
DA:87,9
DA:88,0
DA:98,9
DA:99,0
DA:109,9
DA:110,0
DA:122,9
DA:123,0
DA:126,9
DA:127,0
DA:134,9
LF:33
LH:9
BRDA:21,0,0,0
BRDA:21,0,1,0
BRDA:30,1,0,0
BRDA:30,1,1,0
BRDA:43,2,0,0
BRDA:43,2,1,0
BRDA:56,3,0,0
BRDA:56,3,1,0
BRDA:56,3,2,0
BRDA:56,3,3,0
BRDA:56,3,4,0
BRDA:56,3,5,0
BRDA:67,4,0,0
BRDA:67,4,1,0
BRDA:67,4,2,0
BRDA:67,4,3,0
BRDA:67,4,4,0
BRDA:67,4,5,0
BRDA:78,5,0,0
BRDA:78,5,1,0
BRDA:78,5,2,0
BRDA:78,5,3,0
BRDA:78,5,4,0
BRDA:78,5,5,0
BRDA:89,6,0,0
BRDA:89,6,1,0
BRDA:89,6,2,0
BRDA:89,6,3,0
BRDA:89,6,4,0
BRDA:89,6,5,0
BRDA:100,7,0,0
BRDA:100,7,1,0
BRDA:100,7,2,0
BRDA:100,7,3,0
BRDA:100,7,4,0
BRDA:111,8,0,0
BRDA:111,8,1,0
BRDA:111,8,2,0
BRDA:111,8,3,0
BRDA:111,8,4,0
BRDA:111,8,5,0
BRF:41
BRH:0
end_of_record
TN:
SF:src/service/user-permissions/CreateUserPermissionService.ts
FN:8,(anonymous_0)
FNF:1
FNH:1
FNDA:6,(anonymous_0)
DA:9,6
DA:10,6
DA:15,6
DA:16,2
DA:20,4
DA:21,4
DA:25,4
DA:26,2
DA:29,2
DA:33,2
DA:35,2
DA:40,2
DA:42,4
LF:13
LH:13
BRDA:15,0,0,2
BRDA:15,0,1,4
BRDA:25,1,0,2
BRDA:25,1,1,2
BRF:4
BRH:4
end_of_record
TN:
SF:src/service/user-permissions/ListUserPermissionsService.ts
FN:8,(anonymous_0)
FNF:1
FNH:1
FNDA:6,(anonymous_0)
DA:9,6
DA:10,6
DA:15,6
DA:16,2
DA:20,4
DA:22,4
DA:23,4
DA:28,4
DA:29,2
DA:32,2
DA:34,4
LF:11
LH:11
BRDA:15,0,0,2
BRDA:15,0,1,4
BRDA:28,1,0,2
BRDA:28,1,1,2
BRDA:28,2,0,4
BRDA:28,2,1,2
BRF:6
BRH:6
end_of_record
TN:
SF:src/service/users/AuthenticateUserService.ts
FN:11,(anonymous_0)
FN:36,(anonymous_1)
FNF:2
FNH:2
FNDA:3,(anonymous_0)
FNDA:1,(anonymous_1)
DA:12,3
DA:13,3
DA:14,3
DA:19,3
DA:20,1
DA:23,2
DA:24,1
DA:27,1
DA:31,1
DA:36,1
DA:39,1
DA:44,2
LF:12
LH:12
BRDA:19,0,0,1
BRDA:19,0,1,2
BRDA:23,1,0,1
BRDA:23,1,1,1
BRF:4
BRH:4
end_of_record
TN:
SF:src/service/users/CreateUserService.ts
FN:15,(anonymous_0)
FN:18,(anonymous_1)
FNF:2
FNH:2
FNDA:9,(anonymous_0)
FNDA:6,(anonymous_1)
DA:16,9
DA:29,6
DA:30,6
DA:35,6
DA:36,2
DA:39,4
DA:40,4
DA:42,4
DA:43,2
DA:46,2
DA:54,2
DA:55,2
DA:59,2
DA:61,2
DA:63,2
DA:65,2
DA:74,2
DA:76,4
LF:18
LH:18
BRDA:35,0,0,2
BRDA:35,0,1,4
BRDA:42,1,0,2
BRDA:42,1,1,2
BRF:4
BRH:4
end_of_record
TN:
SF:src/service/users/DeleteUserService.ts
FN:9,(anonymous_0)
FNF:1
FNH:1
FNDA:6,(anonymous_0)
DA:10,6
DA:11,6
DA:16,6
DA:17,2
DA:20,4
DA:21,4
DA:23,4
DA:24,2
DA:27,2
DA:29,4
LF:10
LH:10
BRDA:16,0,0,2
BRDA:16,0,1,4
BRDA:23,1,0,2
BRDA:23,1,1,2
BRF:4
BRH:4
end_of_record
TN:
SF:src/service/users/GetUserService.ts
FN:9,(anonymous_0)
FNF:1
FNH:1
FNDA:6,(anonymous_0)
DA:10,6
DA:11,6
DA:16,6
DA:17,2
DA:20,4
DA:21,4
DA:26,4
DA:27,2
DA:30,2
DA:39,2
DA:41,4
LF:11
LH:11
BRDA:16,0,0,2
BRDA:16,0,1,4
BRDA:26,1,0,2
BRDA:26,1,1,2
BRF:4
BRH:4
end_of_record
TN:
SF:src/service/users/ListUsersService.ts
FN:9,(anonymous_0)
FN:41,(anonymous_1)
FNF:2
FNH:2
FNDA:6,(anonymous_0)
FNDA:4,(anonymous_1)
DA:10,6
DA:11,6
DA:16,6
DA:17,2
DA:20,4
DA:22,4
DA:23,4
DA:37,4
DA:38,2
DA:41,4
DA:50,2
DA:52,4
LF:12
LH:12
BRDA:16,0,0,2
BRDA:16,0,1,4
BRDA:37,1,0,2
BRDA:37,1,1,2
BRDA:37,2,0,4
BRDA:37,2,1,2
BRF:6
BRH:6
end_of_record
TN:
SF:src/service/users/UpdateUserService.ts
FN:19,(anonymous_0)
FN:23,(anonymous_1)
FNF:2
FNH:2
FNDA:13,(anonymous_0)
FNDA:9,(anonymous_1)
DA:20,13
DA:35,9
DA:36,9
DA:41,9
DA:42,2
DA:45,7
DA:46,7
DA:51,7
DA:52,2
DA:55,5
DA:56,2
DA:57,2
DA:58,2
DA:62,3
DA:63,3
DA:64,3
DA:65,3
DA:67,3
DA:68,2
DA:71,3
DA:72,3
DA:75,3
DA:76,3
DA:77,3
DA:80,3
DA:83,3
DA:85,3
DA:94,3
DA:96,6
LF:29
LH:29
BRDA:41,0,0,2
BRDA:41,0,1,7
BRDA:51,1,0,2
BRDA:51,1,1,5
BRDA:55,2,0,2
BRDA:55,2,1,3
BRDA:55,3,0,5
BRDA:55,3,1,5
BRDA:57,4,0,2
BRDA:57,4,1,0
BRDA:62,5,0,3
BRDA:62,5,1,0
BRDA:63,6,0,3
BRDA:63,6,1,0
BRDA:64,7,0,3
BRDA:64,7,1,0
BRDA:65,8,0,3
BRDA:65,8,1,0
BRDA:67,9,0,2
BRDA:67,9,1,1
BRDA:67,10,0,3
BRDA:67,10,1,3
BRDA:71,11,0,3
BRDA:71,11,1,0
BRDA:75,12,0,3
BRDA:75,12,1,0
BRF:26
BRH:19
end_of_record
TN:
SF:src/service/users/observers/EmailNotifier.ts
FN:12,(anonymous_0)
FN:19,(anonymous_1)
FNF:2
FNH:2
FNDA:2,(anonymous_0)
FNDA:2,(anonymous_1)
DA:14,2
DA:21,2
LF:2
LH:2
BRF:0
BRH:0
end_of_record
